1612509457195	geckodriver	INFO	Listening on 127.0.0.1:2254
1612509457848	mozrunner::runner	INFO	Running command: "C:\\Program Files\\Mozilla Firefox\\firefox.exe" "--marionette" "-foreground" "-no-remote" "-profile" "C:\\Users\\CHARBE~1\\AppData\\Local\\Temp\\rust_mozprofileyAxPjY"
JavaScript error: resource://gre/modules/XULStore.jsm, line 66: Error: Can't find profile directory.
[Parent 6408, IPC I/O Parent] WARNING: file /builds/worker/checkouts/gecko/ipc/chromium/src/base/process_util_win.cc:167
[Parent 6408, IPC I/O Parent] WARNING: file /builds/worker/checkouts/gecko/ipc/chromium/src/base/process_util_win.cc:167
console.warn: SearchSettings: "get: No settings file exists, new profile?" (new Error("", "(unknown module)"))
console.error: Region.jsm: "Error fetching region" (new Error("TIMEOUT", "resource://gre/modules/Region.jsm", 775))
console.error: Region.jsm: "Failed to fetch region" (new Error("TIMEOUT", "resource://gre/modules/Region.jsm", 422))
1612509492139	Marionette	INFO	Listening on port 2260
1612509493084	Marionette	WARN	TLS certificate errors will be ignored for this session
1612509493195	Marionette	ERROR	[18] No reply from Marionette:Register
JavaScript error: https://pricespy.co.uk/a/d3983d7a77c682eb4eeb/22.js, line 1: Error: FetchError: NetworkError when attempting to fetch resource. https://search-pj-campaigns-index-oyaq7ruf3du2owxiiiuhyqcgcm.eu-west-1.es.amazonaws.com/campaign-gb-*-deals/_search
JavaScript error: https://pricespy.co.uk/a/d3983d7a77c682eb4eeb/22.js, line 1: Error: FetchError: NetworkError when attempting to fetch resource. https://search-pj-campaigns-index-oyaq7ruf3du2owxiiiuhyqcgcm.eu-west-1.es.amazonaws.com/campaign-gb-*-deals/_search
JavaScript error: https://pricespy.co.uk/a/d3983d7a77c682eb4eeb/22.js, line 1: Error: FetchError: NetworkError when attempting to fetch resource. https://search-pj-campaigns-index-oyaq7ruf3du2owxiiiuhyqcgcm.eu-west-1.es.amazonaws.com/campaign-gb-*-deals/_search
JavaScript error: , line 0: AbortError: The operation was aborted. 
JavaScript error: https://pricespy.co.uk/a/d3983d7a77c682eb4eeb/22.js, line 1: Error: FetchError: NetworkError when attempting to fetch resource. https://search-pj-campaigns-index-oyaq7ruf3du2owxiiiuhyqcgcm.eu-west-1.es.amazonaws.com/campaign-gb-*-deals/_search
JavaScript error: , line 0: uncaught exception: Object
1612509929448	Marionette	INFO	Stopped listening on port 2260
[Child 9384, IPC I/O Child] WARNING: pipe error: 232: file /builds/worker/checkouts/gecko/ipc/chromium/src/chrome/common/ipc_channel_win.cc:545
[Child 9384, IPC I/O Child] WARNING: pipe error: 232: file /builds/worker/checkouts/gecko/ipc/chromium/src/chrome/common/ipc_channel_win.cc:545

###!!! [Child][MessageChannel] Error: (msgtype=0x6B0027,name=PNecko::Msg_RemoveRequestContext) Channel closing: too late to send/recv, messages will be lost


###!!! [Child][RunMessage] Error: Channel closing: too late to send/recv, messages will be lost


###!!! [Child][RunMessage] Error: Channel closing: too late to send/recv, messages will be lost


###!!! [Child][RunMessage] Error: Channel closing: too late to send/recv, messages will be lost

[Parent 6408, IPC I/O Parent] WARNING: file /builds/worker/checkouts/gecko/ipc/chromium/src/base/process_util_win.cc:167

###!!! [Child][RunMessage] Error: Channel closing: too late to send/recv, messages will be lost


###!!! [Parent][RunMessage] Error: Channel closing: too late to send/recv, messages will be lost

1612512906646	geckodriver	INFO	Listening on 127.0.0.1:12953
1612512907647	mozrunner::runner	INFO	Running command: "C:\\Program Files\\Mozilla Firefox\\firefox.exe" "--marionette" "-foreground" "-no-remote" "-profile" "C:\\Users\\CHARBE~1\\AppData\\Local\\Temp\\rust_mozprofileJHTMBm"
JavaScript error: resource://gre/modules/XULStore.jsm, line 66: Error: Can't find profile directory.
console.warn: SearchSettings: "get: No settings file exists, new profile?" (new Error("", "(unknown module)"))
1612512916049	Marionette	INFO	Listening on port 12959
1612512916309	Marionette	WARN	TLS certificate errors will be ignored for this session
1612512916328	Marionette	ERROR	[18] No reply from Marionette:Register
console.warn: SearchSettings: "get: No settings file exists, new profile?" (new Error("", "(unknown module)"))
1612512920348	Marionette	ERROR	[36] No reply from Marionette:Register
JavaScript error: , line 0: AbortError: The operation was aborted. 
JavaScript error: https://pricespy.co.uk/a/d3983d7a77c682eb4eeb/22.js, line 1: Error: FetchError: NetworkError when attempting to fetch resource. https://search-pj-campaigns-index-oyaq7ruf3du2owxiiiuhyqcgcm.eu-west-1.es.amazonaws.com/campaign-gb-*-deals/_search
JavaScript error: , line 0: AbortError: The operation was aborted. 
JavaScript error: , line 0: AbortError: The operation was aborted. 
JavaScript error: , line 0: AbortError: The operation was aborted. 
JavaScript error: https://pricespy.co.uk/a/d3983d7a77c682eb4eeb/22.js, line 1: Error: FetchError: NetworkError when attempting to fetch resource. https://search-pj-campaigns-index-oyaq7ruf3du2owxiiiuhyqcgcm.eu-west-1.es.amazonaws.com/campaign-gb-*-deals/_search
JavaScript error: , line 0: AbortError: The operation was aborted. 
JavaScript error: , line 0: AbortError: The operation was aborted. 
JavaScript error: https://pricespy.co.uk/a/d3983d7a77c682eb4eeb/22.js, line 1: Error: FetchError: NetworkError when attempting to fetch resource. https://search-pj-campaigns-index-oyaq7ruf3du2owxiiiuhyqcgcm.eu-west-1.es.amazonaws.com/campaign-gb-*-deals/_search
JavaScript error: https://pricespy.co.uk/a/d3983d7a77c682eb4eeb/22.js, line 1: Error: FetchError: NetworkError when attempting to fetch resource. https://search-pj-campaigns-index-oyaq7ruf3du2owxiiiuhyqcgcm.eu-west-1.es.amazonaws.com/campaign-gb-*-deals/_search
JavaScript error: https://pricespy.co.uk/a/d3983d7a77c682eb4eeb/22.js, line 1: Error: FetchError: NetworkError when attempting to fetch resource. https://search-pj-campaigns-index-oyaq7ruf3du2owxiiiuhyqcgcm.eu-west-1.es.amazonaws.com/campaign-gb-*-deals/_search
JavaScript error: https://pricespy.co.uk/a/d3983d7a77c682eb4eeb/22.js, line 1: Error: FetchError: NetworkError when attempting to fetch resource. https://search-pj-campaigns-index-oyaq7ruf3du2owxiiiuhyqcgcm.eu-west-1.es.amazonaws.com/campaign-gb-*-deals/_search
JavaScript error: https://pricespy.co.uk/a/d3983d7a77c682eb4eeb/22.js, line 1: Error: FetchError: NetworkError when attempting to fetch resource. https://search-pj-campaigns-index-oyaq7ruf3du2owxiiiuhyqcgcm.eu-west-1.es.amazonaws.com/campaign-gb-*-deals/_search
JavaScript error: https://pricespy.co.uk/a/d3983d7a77c682eb4eeb/22.js, line 1: Error: FetchError: NetworkError when attempting to fetch resource. https://search-pj-campaigns-index-oyaq7ruf3du2owxiiiuhyqcgcm.eu-west-1.es.amazonaws.com/campaign-gb-*-deals/_search
JavaScript error: , line 0: AbortError: The operation was aborted. 
JavaScript error: , line 0: AbortError: The operation was aborted. 
JavaScript error: , line 0: AbortError: The operation was aborted. 
JavaScript error: , line 0: AbortError: The operation was aborted. 
JavaScript error: , line 0: AbortError: The operation was aborted. 
JavaScript error: , line 0: AbortError: The operation was aborted. 
JavaScript error: , line 0: AbortError: The operation was aborted. 
1612513216346	Marionette	INFO	Stopped listening on port 12959

###!!! [Child][MessageChannel] Error: (msgtype=0x3A00D4,name=PContent::Msg_ScriptErrorWithStack) Channel closing: too late to send/recv, messages will be lost


###!!! [Child][RunMessage] Error: Channel closing: too late to send/recv, messages will be lost

1612516938118	geckodriver	INFO	Listening on 127.0.0.1:8417
1612516938901	mozrunner::runner	INFO	Running command: "C:\\Program Files\\Mozilla Firefox\\firefox.exe" "--marionette" "-foreground" "-no-remote" "-profile" "C:\\Users\\CHARBE~1\\AppData\\Local\\Temp\\rust_mozprofileoJZupZ"
JavaScript error: resource://gre/modules/XULStore.jsm, line 66: Error: Can't find profile directory.
[Parent 1848, IPC I/O Parent] WARNING: file /builds/worker/checkouts/gecko/ipc/chromium/src/base/process_util_win.cc:167
console.warn: SearchSettings: "get: No settings file exists, new profile?" (new Error("", "(unknown module)"))
[Parent 1848, IPC I/O Parent] WARNING: file /builds/worker/checkouts/gecko/ipc/chromium/src/base/process_util_win.cc:167
[Parent 1848, IPC I/O Parent] WARNING: file /builds/worker/checkouts/gecko/ipc/chromium/src/base/process_util_win.cc:167
console.error: Region.jsm: "Error fetching region" (new AbortError("The operation was aborted. ", (void 0), 773))
console.error: Region.jsm: "Failed to fetch region" (new Error("NO_RESULT", "resource://gre/modules/Region.jsm", 422))
1612516976482	Marionette	INFO	Listening on port 8423
1612516978185	Marionette	WARN	TLS certificate errors will be ignored for this session
1612516978242	Marionette	ERROR	[21] No reply from Marionette:Register
JavaScript error: https://pricespy.co.uk/a/d3983d7a77c682eb4eeb/22.js, line 1: Error: FetchError: NetworkError when attempting to fetch resource. https://search-pj-campaigns-index-oyaq7ruf3du2owxiiiuhyqcgcm.eu-west-1.es.amazonaws.com/campaign-gb-*-deals/_search
JavaScript error: , line 0: AbortError: The operation was aborted. 
JavaScript error: https://pricespy.co.uk/a/d3983d7a77c682eb4eeb/22.js, line 1: Error: FetchError: NetworkError when attempting to fetch resource. https://search-pj-campaigns-index-oyaq7ruf3du2owxiiiuhyqcgcm.eu-west-1.es.amazonaws.com/campaign-gb-*-deals/_search
JavaScript error: https://pricespy.co.uk/a/d3983d7a77c682eb4eeb/22.js, line 1: Error: FetchError: NetworkError when attempting to fetch resource. https://search-pj-campaigns-index-oyaq7ruf3du2owxiiiuhyqcgcm.eu-west-1.es.amazonaws.com/campaign-gb-*-deals/_search
JavaScript error: https://pricespy.co.uk/a/d3983d7a77c682eb4eeb/22.js, line 1: Error: FetchError: NetworkError when attempting to fetch resource. https://search-pj-campaigns-index-oyaq7ruf3du2owxiiiuhyqcgcm.eu-west-1.es.amazonaws.com/campaign-gb-*-deals/_search
JavaScript error: https://pricespy.co.uk/a/d3983d7a77c682eb4eeb/22.js, line 1: Error: FetchError: NetworkError when attempting to fetch resource. https://search-pj-campaigns-index-oyaq7ruf3du2owxiiiuhyqcgcm.eu-west-1.es.amazonaws.com/campaign-gb-*-deals/_search
JavaScript error: , line 0: AbortError: The operation was aborted. 
1612517265131	Marionette	INFO	Stopped listening on port 8423
JavaScript error: resource:///modules/FaviconLoader.jsm, line 596: InvalidStateError: JSWindowActorChild.sendAsyncMessage: JSWindowActorChild cannot send at the moment

###!!! [Child][RunMessage] Error: Channel closing: too late to send/recv, messages will be lost

1612517855682	geckodriver	INFO	Listening on 127.0.0.1:8806
1612517858029	mozrunner::runner	INFO	Running command: "C:\\Program Files\\Mozilla Firefox\\firefox.exe" "--marionette" "-foreground" "-no-remote" "-profile" "C:\\Users\\CHARBE~1\\AppData\\Local\\Temp\\rust_mozprofile7zmGlc"
JavaScript error: resource://gre/modules/XULStore.jsm, line 66: Error: Can't find profile directory.
console.warn: SearchSettings: "get: No settings file exists, new profile?" (new Error("", "(unknown module)"))
[Parent 696, IPC I/O Parent] WARNING: file /builds/worker/checkouts/gecko/ipc/chromium/src/base/process_util_win.cc:167
1612517867538	Marionette	INFO	Listening on port 8812
1612517867699	Marionette	WARN	TLS certificate errors will be ignored for this session
1612517867718	Marionette	ERROR	[18] No reply from Marionette:Register
console.warn: SearchSettings: "get: No settings file exists, new profile?" (new Error("", "(unknown module)"))
JavaScript error: https://www.googletagservices.com/activeview/js/current/rx_lidar.js?cache=r20110914, line 124: NS_ERROR_NOT_INITIALIZED: 
JavaScript error: https://pricespy.co.uk/a/d3983d7a77c682eb4eeb/22.js, line 1: Error: FetchError: NetworkError when attempting to fetch resource. https://search-pj-campaigns-index-oyaq7ruf3du2owxiiiuhyqcgcm.eu-west-1.es.amazonaws.com/campaign-gb-*-deals/_search
JavaScript error: https://pricespy.co.uk/a/d3983d7a77c682eb4eeb/22.js, line 1: Error: FetchError: NetworkError when attempting to fetch resource. https://search-pj-campaigns-index-oyaq7ruf3du2owxiiiuhyqcgcm.eu-west-1.es.amazonaws.com/campaign-gb-*-deals/_search
JavaScript error: https://pricespy.co.uk/a/d3983d7a77c682eb4eeb/22.js, line 1: Error: FetchError: NetworkError when attempting to fetch resource. https://search-pj-campaigns-index-oyaq7ruf3du2owxiiiuhyqcgcm.eu-west-1.es.amazonaws.com/campaign-gb-*-deals/_search
JavaScript error: https://pricespy.co.uk/a/d3983d7a77c682eb4eeb/22.js, line 1: Error: FetchError: NetworkError when attempting to fetch resource. https://search-pj-campaigns-index-oyaq7ruf3du2owxiiiuhyqcgcm.eu-west-1.es.amazonaws.com/campaign-gb-*-deals/_search
JavaScript error: https://pricespy.co.uk/a/d3983d7a77c682eb4eeb/22.js, line 1: Error: FetchError: NetworkError when attempting to fetch resource. https://search-pj-campaigns-index-oyaq7ruf3du2owxiiiuhyqcgcm.eu-west-1.es.amazonaws.com/campaign-gb-*-deals/_search
JavaScript error: https://pricespy.co.uk/a/d3983d7a77c682eb4eeb/22.js, line 1: Error: FetchError: NetworkError when attempting to fetch resource. https://search-pj-campaigns-index-oyaq7ruf3du2owxiiiuhyqcgcm.eu-west-1.es.amazonaws.com/campaign-gb-*-deals/_search
JavaScript error: https://pricespy.co.uk/a/d3983d7a77c682eb4eeb/22.js, line 1: Error: FetchError: NetworkError when attempting to fetch resource. https://search-pj-campaigns-index-oyaq7ruf3du2owxiiiuhyqcgcm.eu-west-1.es.amazonaws.com/campaign-gb-*-deals/_search
JavaScript error: https://pricespy.co.uk/a/d3983d7a77c682eb4eeb/22.js, line 1: Error: FetchError: NetworkError when attempting to fetch resource. https://search-pj-campaigns-index-oyaq7ruf3du2owxiiiuhyqcgcm.eu-west-1.es.amazonaws.com/campaign-gb-*-deals/_search
JavaScript error: https://pricespy.co.uk/a/d3983d7a77c682eb4eeb/22.js, line 1: Error: FetchError: NetworkError when attempting to fetch resource. https://search-pj-campaigns-index-oyaq7ruf3du2owxiiiuhyqcgcm.eu-west-1.es.amazonaws.com/campaign-gb-*-deals/_search
JavaScript error: https://pricespy.co.uk/a/d3983d7a77c682eb4eeb/22.js, line 1: Error: FetchError: NetworkError when attempting to fetch resource. https://search-pj-campaigns-index-oyaq7ruf3du2owxiiiuhyqcgcm.eu-west-1.es.amazonaws.com/campaign-gb-*-deals/_search
JavaScript error: https://pricespy.co.uk/a/d3983d7a77c682eb4eeb/22.js, line 1: Error: FetchError: NetworkError when attempting to fetch resource. https://search-pj-campaigns-index-oyaq7ruf3du2owxiiiuhyqcgcm.eu-west-1.es.amazonaws.com/campaign-gb-*-deals/_search
JavaScript error: , line 0: AbortError: The operation was aborted. 
JavaScript error: , line 0: AbortError: The operation was aborted. 
JavaScript error: , line 0: AbortError: The operation was aborted. 
JavaScript error: , line 0: AbortError: The operation was aborted. 
JavaScript error: , line 0: AbortError: The operation was aborted. 
JavaScript error: https://pricespy.co.uk/a/d3983d7a77c682eb4eeb/22.js, line 1: Error: FetchError: NetworkError when attempting to fetch resource. https://search-pj-campaigns-index-oyaq7ruf3du2owxiiiuhyqcgcm.eu-west-1.es.amazonaws.com/campaign-gb-*-deals/_search
JavaScript error: https://pricespy.co.uk/a/d3983d7a77c682eb4eeb/22.js, line 1: Error: FetchError: NetworkError when attempting to fetch resource. https://search-pj-campaigns-index-oyaq7ruf3du2owxiiiuhyqcgcm.eu-west-1.es.amazonaws.com/campaign-gb-*-deals/_search
JavaScript error: https://pricespy.co.uk/a/d3983d7a77c682eb4eeb/22.js, line 1: Error: FetchError: NetworkError when attempting to fetch resource. https://search-pj-campaigns-index-oyaq7ruf3du2owxiiiuhyqcgcm.eu-west-1.es.amazonaws.com/campaign-gb-*-deals/_search
JavaScript error: https://pricespy.co.uk/a/d3983d7a77c682eb4eeb/22.js, line 1: Error: FetchError: NetworkError when attempting to fetch resource. https://search-pj-campaigns-index-oyaq7ruf3du2owxiiiuhyqcgcm.eu-west-1.es.amazonaws.com/campaign-gb-*-deals/_search
JavaScript error: , line 0: AbortError: The operation was aborted. 
JavaScript error: , line 0: AbortError: The operation was aborted. 
JavaScript error: https://pricespy.co.uk/a/d3983d7a77c682eb4eeb/22.js, line 1: Error: FetchError: NetworkError when attempting to fetch resource. https://search-pj-campaigns-index-oyaq7ruf3du2owxiiiuhyqcgcm.eu-west-1.es.amazonaws.com/campaign-gb-*-deals/_search
JavaScript error: https://pricespy.co.uk/a/d3983d7a77c682eb4eeb/22.js, line 1: Error: FetchError: NetworkError when attempting to fetch resource. https://search-pj-campaigns-index-oyaq7ruf3du2owxiiiuhyqcgcm.eu-west-1.es.amazonaws.com/campaign-gb-*-deals/_search
JavaScript error: , line 0: AbortError: The operation was aborted. 
JavaScript error: https://pricespy.co.uk/a/d3983d7a77c682eb4eeb/22.js, line 1: Error: FetchError: NetworkError when attempting to fetch resource. https://search-pj-campaigns-index-oyaq7ruf3du2owxiiiuhyqcgcm.eu-west-1.es.amazonaws.com/campaign-gb-*-deals/_search
JavaScript error: , line 0: AbortError: The operation was aborted. 
JavaScript error: https://pricespy.co.uk/a/d3983d7a77c682eb4eeb/22.js, line 1: Error: FetchError: NetworkError when attempting to fetch resource. https://search-pj-campaigns-index-oyaq7ruf3du2owxiiiuhyqcgcm.eu-west-1.es.amazonaws.com/campaign-gb-*-deals/_search
JavaScript error: , line 0: AbortError: The operation was aborted. 
JavaScript error: , line 0: AbortError: The operation was aborted. 
1612518199816	Marionette	INFO	Stopped listening on port 8812
JavaScript error: resource://activity-stream/lib/ASRouter.jsm, line 987: NS_ERROR_ILLEGAL_VALUE: Component returned failure code: 0x80070057 (NS_ERROR_ILLEGAL_VALUE) [nsIObserverService.removeObserver]

###!!! [Child][RunMessage] Error: Channel closing: too late to send/recv, messages will be lost

1612518208664	geckodriver	INFO	Listening on 127.0.0.1:9115
1612518209681	mozrunner::runner	INFO	Running command: "C:\\Program Files\\Mozilla Firefox\\firefox.exe" "--marionette" "-foreground" "-no-remote" "-profile" "C:\\Users\\CHARBE~1\\AppData\\Local\\Temp\\rust_mozprofileW5yY5X"
JavaScript error: resource://gre/modules/XULStore.jsm, line 66: Error: Can't find profile directory.
console.warn: SearchSettings: "get: No settings file exists, new profile?" (new Error("", "(unknown module)"))
1612518229321	Marionette	INFO	Listening on port 9121
1612518229684	Marionette	WARN	TLS certificate errors will be ignored for this session
1612518229724	Marionette	ERROR	[18] No reply from Marionette:Register
console.warn: SearchSettings: "get: No settings file exists, new profile?" (new Error("", "(unknown module)"))
JavaScript error: , line 0: uncaught exception: undefined
JavaScript error: , line 0: uncaught exception: undefined
JavaScript error: , line 0: uncaught exception: undefined
JavaScript error: https://pricespy.co.uk/a/d3983d7a77c682eb4eeb/22.js, line 1: Error: FetchError: NetworkError when attempting to fetch resource. https://search-pj-campaigns-index-oyaq7ruf3du2owxiiiuhyqcgcm.eu-west-1.es.amazonaws.com/campaign-gb-*-deals/_search
JavaScript error: https://pricespy.co.uk/a/d3983d7a77c682eb4eeb/22.js, line 1: Error: FetchError: NetworkError when attempting to fetch resource. https://search-pj-campaigns-index-oyaq7ruf3du2owxiiiuhyqcgcm.eu-west-1.es.amazonaws.com/campaign-gb-*-deals/_search
JavaScript error: https://pricespy.co.uk/a/d3983d7a77c682eb4eeb/22.js, line 1: Error: FetchError: NetworkError when attempting to fetch resource. https://search-pj-campaigns-index-oyaq7ruf3du2owxiiiuhyqcgcm.eu-west-1.es.amazonaws.com/campaign-gb-*-deals/_search
JavaScript error: https://pricespy.co.uk/a/d3983d7a77c682eb4eeb/22.js, line 1: Error: FetchError: NetworkError when attempting to fetch resource. https://search-pj-campaigns-index-oyaq7ruf3du2owxiiiuhyqcgcm.eu-west-1.es.amazonaws.com/campaign-gb-*-deals/_search
JavaScript error: https://pricespy.co.uk/a/d3983d7a77c682eb4eeb/22.js, line 1: Error: FetchError: NetworkError when attempting to fetch resource. https://search-pj-campaigns-index-oyaq7ruf3du2owxiiiuhyqcgcm.eu-west-1.es.amazonaws.com/campaign-gb-*-deals/_search
JavaScript error: https://pricespy.co.uk/a/d3983d7a77c682eb4eeb/22.js, line 1: Error: FetchError: NetworkError when attempting to fetch resource. https://search-pj-campaigns-index-oyaq7ruf3du2owxiiiuhyqcgcm.eu-west-1.es.amazonaws.com/campaign-gb-*-deals/_search
JavaScript error: https://pricespy.co.uk/a/d3983d7a77c682eb4eeb/22.js, line 1: Error: FetchError: NetworkError when attempting to fetch resource. https://search-pj-campaigns-index-oyaq7ruf3du2owxiiiuhyqcgcm.eu-west-1.es.amazonaws.com/campaign-gb-*-deals/_search
JavaScript error: , line 0: AbortError: The operation was aborted. 
JavaScript error: https://pricespy.co.uk/a/d3983d7a77c682eb4eeb/22.js, line 1: Error: FetchError: NetworkError when attempting to fetch resource. https://search-pj-campaigns-index-oyaq7ruf3du2owxiiiuhyqcgcm.eu-west-1.es.amazonaws.com/campaign-gb-*-deals/_search
JavaScript error: https://pricespy.co.uk/a/d3983d7a77c682eb4eeb/22.js, line 1: Error: FetchError: NetworkError when attempting to fetch resource. https://search-pj-campaigns-index-oyaq7ruf3du2owxiiiuhyqcgcm.eu-west-1.es.amazonaws.com/campaign-gb-*-deals/_search
JavaScript error: https://pricespy.co.uk/a/d3983d7a77c682eb4eeb/22.js, line 1: Error: FetchError: NetworkError when attempting to fetch resource. https://search-pj-campaigns-index-oyaq7ruf3du2owxiiiuhyqcgcm.eu-west-1.es.amazonaws.com/campaign-gb-*-deals/_search
JavaScript error: , line 0: NS_ERROR_NOT_AVAILABLE
JavaScript error: https://pricespy.co.uk/a/d3983d7a77c682eb4eeb/22.js, line 1: Error: FetchError: NetworkError when attempting to fetch resource. https://search-pj-campaigns-index-oyaq7ruf3du2owxiiiuhyqcgcm.eu-west-1.es.amazonaws.com/campaign-gb-*-deals/_search
JavaScript error: https://pricespy.co.uk/a/d3983d7a77c682eb4eeb/22.js, line 1: Error: FetchError: NetworkError when attempting to fetch resource. https://search-pj-campaigns-index-oyaq7ruf3du2owxiiiuhyqcgcm.eu-west-1.es.amazonaws.com/campaign-gb-*-deals/_search
JavaScript error: https://pricespy.co.uk/a/d3983d7a77c682eb4eeb/22.js, line 1: Error: FetchError: NetworkError when attempting to fetch resource. https://search-pj-campaigns-index-oyaq7ruf3du2owxiiiuhyqcgcm.eu-west-1.es.amazonaws.com/campaign-gb-*-deals/_search
JavaScript error: https://pricespy.co.uk/a/d3983d7a77c682eb4eeb/22.js, line 1: Error: FetchError: NetworkError when attempting to fetch resource. https://search-pj-campaigns-index-oyaq7ruf3du2owxiiiuhyqcgcm.eu-west-1.es.amazonaws.com/campaign-gb-*-deals/_search
JavaScript error: https://pricespy.co.uk/a/d3983d7a77c682eb4eeb/22.js, line 1: Error: FetchError: NetworkError when attempting to fetch resource. https://search-pj-campaigns-index-oyaq7ruf3du2owxiiiuhyqcgcm.eu-west-1.es.amazonaws.com/campaign-gb-*-deals/_search
JavaScript error: https://pricespy.co.uk/a/d3983d7a77c682eb4eeb/22.js, line 1: Error: FetchError: NetworkError when attempting to fetch resource. https://search-pj-campaigns-index-oyaq7ruf3du2owxiiiuhyqcgcm.eu-west-1.es.amazonaws.com/campaign-gb-*-deals/_search
JavaScript error: , line 0: uncaught exception: Object
JavaScript error: https://pricespy.co.uk/a/d3983d7a77c682eb4eeb/22.js, line 1: Error: FetchError: NetworkError when attempting to fetch resource. https://search-pj-campaigns-index-oyaq7ruf3du2owxiiiuhyqcgcm.eu-west-1.es.amazonaws.com/campaign-gb-*-deals/_search
JavaScript error: , line 0: uncaught exception: Object
JavaScript error: , line 0: uncaught exception: Object
JavaScript error: https://pricespy.co.uk/a/d3983d7a77c682eb4eeb/22.js, line 1: Error: FetchError: NetworkError when attempting to fetch resource. https://search-pj-campaigns-index-oyaq7ruf3du2owxiiiuhyqcgcm.eu-west-1.es.amazonaws.com/campaign-gb-*-deals/_search
JavaScript error: https://pricespy.co.uk/a/d3983d7a77c682eb4eeb/22.js, line 1: Error: FetchError: NetworkError when attempting to fetch resource. https://search-pj-campaigns-index-oyaq7ruf3du2owxiiiuhyqcgcm.eu-west-1.es.amazonaws.com/campaign-gb-*-deals/_search
JavaScript error: https://pricespy.co.uk/a/d3983d7a77c682eb4eeb/22.js, line 1: Error: FetchError: NetworkError when attempting to fetch resource. https://search-pj-campaigns-index-oyaq7ruf3du2owxiiiuhyqcgcm.eu-west-1.es.amazonaws.com/campaign-gb-*-deals/_search
JavaScript error: https://pricespy.co.uk/a/d3983d7a77c682eb4eeb/22.js, line 1: Error: FetchError: NetworkError when attempting to fetch resource. https://search-pj-campaigns-index-oyaq7ruf3du2owxiiiuhyqcgcm.eu-west-1.es.amazonaws.com/campaign-gb-*-deals/_search
JavaScript error: https://pricespy.co.uk/a/d3983d7a77c682eb4eeb/22.js, line 1: Error: FetchError: NetworkError when attempting to fetch resource. https://search-pj-campaigns-index-oyaq7ruf3du2owxiiiuhyqcgcm.eu-west-1.es.amazonaws.com/campaign-gb-*-deals/_search
JavaScript error: , line 0: AbortError: The operation was aborted. 
JavaScript error: https://pricespy.co.uk/a/d3983d7a77c682eb4eeb/22.js, line 1: Error: FetchError: NetworkError when attempting to fetch resource. https://search-pj-campaigns-index-oyaq7ruf3du2owxiiiuhyqcgcm.eu-west-1.es.amazonaws.com/campaign-gb-*-deals/_search
JavaScript error: , line 0: AbortError: The operation was aborted. 
JavaScript error: , line 0: AbortError: The operation was aborted. 
JavaScript error: , line 0: AbortError: The operation was aborted. 
JavaScript error: https://pricespy.co.uk/a/d3983d7a77c682eb4eeb/22.js, line 1: Error: FetchError: NetworkError when attempting to fetch resource. https://search-pj-campaigns-index-oyaq7ruf3du2owxiiiuhyqcgcm.eu-west-1.es.amazonaws.com/campaign-gb-*-deals/_search
JavaScript error: https://pricespy.co.uk/a/d3983d7a77c682eb4eeb/22.js, line 1: Error: FetchError: NetworkError when attempting to fetch resource. https://search-pj-campaigns-index-oyaq7ruf3du2owxiiiuhyqcgcm.eu-west-1.es.amazonaws.com/campaign-gb-*-deals/_search
JavaScript error: https://pricespy.co.uk/a/d3983d7a77c682eb4eeb/22.js, line 1: Error: FetchError: NetworkError when attempting to fetch resource. https://search-pj-campaigns-index-oyaq7ruf3du2owxiiiuhyqcgcm.eu-west-1.es.amazonaws.com/campaign-gb-*-deals/_search
JavaScript error: https://pricespy.co.uk/a/d3983d7a77c682eb4eeb/22.js, line 1: Error: FetchError: NetworkError when attempting to fetch resource. https://search-pj-campaigns-index-oyaq7ruf3du2owxiiiuhyqcgcm.eu-west-1.es.amazonaws.com/campaign-gb-*-deals/_search
JavaScript error: https://pricespy.co.uk/a/d3983d7a77c682eb4eeb/22.js, line 1: Error: FetchError: NetworkError when attempting to fetch resource. https://search-pj-campaigns-index-oyaq7ruf3du2owxiiiuhyqcgcm.eu-west-1.es.amazonaws.com/campaign-gb-*-deals/_search
1612520309657	geckodriver	INFO	Listening on 127.0.0.1:10569
1612520310593	mozrunner::runner	INFO	Running command: "C:\\Program Files\\Mozilla Firefox\\firefox.exe" "--marionette" "-foreground" "-no-remote" "-profile" "C:\\Users\\CHARBE~1\\AppData\\Local\\Temp\\rust_mozprofileUaQP2U"
JavaScript error: resource://gre/modules/XULStore.jsm, line 66: Error: Can't find profile directory.
console.warn: SearchSettings: "get: No settings file exists, new profile?" (new Error("", "(unknown module)"))
1612520319158	Marionette	INFO	Listening on port 10576
1612520319721	Marionette	WARN	TLS certificate errors will be ignored for this session
1612520319758	Marionette	ERROR	[18] No reply from Marionette:Register
console.warn: SearchSettings: "get: No settings file exists, new profile?" (new Error("", "(unknown module)"))
JavaScript error: https://pricespy.co.uk/a/d3983d7a77c682eb4eeb/22.js, line 1: Error: FetchError: NetworkError when attempting to fetch resource. https://search-pj-campaigns-index-oyaq7ruf3du2owxiiiuhyqcgcm.eu-west-1.es.amazonaws.com/campaign-gb-*-deals/_search
JavaScript error: , line 0: AbortError: The operation was aborted. 
JavaScript error: https://pricespy.co.uk/a/d3983d7a77c682eb4eeb/22.js, line 1: Error: FetchError: NetworkError when attempting to fetch resource. https://search-pj-campaigns-index-oyaq7ruf3du2owxiiiuhyqcgcm.eu-west-1.es.amazonaws.com/campaign-gb-*-deals/_search
JavaScript error: https://pricespy.co.uk/a/d3983d7a77c682eb4eeb/22.js, line 1: Error: FetchError: NetworkError when attempting to fetch resource. https://search-pj-campaigns-index-oyaq7ruf3du2owxiiiuhyqcgcm.eu-west-1.es.amazonaws.com/campaign-gb-*-deals/_search
JavaScript error: https://pricespy.co.uk/a/d3983d7a77c682eb4eeb/22.js, line 1: Error: FetchError: NetworkError when attempting to fetch resource. https://search-pj-campaigns-index-oyaq7ruf3du2owxiiiuhyqcgcm.eu-west-1.es.amazonaws.com/campaign-gb-*-deals/_search
JavaScript error: , line 0: uncaught exception: Object
JavaScript error: https://pricespy.co.uk/a/d3983d7a77c682eb4eeb/22.js, line 1: Error: FetchError: NetworkError when attempting to fetch resource. https://search-pj-campaigns-index-oyaq7ruf3du2owxiiiuhyqcgcm.eu-west-1.es.amazonaws.com/campaign-gb-*-deals/_search
JavaScript error: https://pricespy.co.uk/a/d3983d7a77c682eb4eeb/22.js, line 1: Error: FetchError: NetworkError when attempting to fetch resource. https://search-pj-campaigns-index-oyaq7ruf3du2owxiiiuhyqcgcm.eu-west-1.es.amazonaws.com/campaign-gb-*-deals/_search
JavaScript error: https://pricespy.co.uk/a/d3983d7a77c682eb4eeb/22.js, line 1: Error: FetchError: NetworkError when attempting to fetch resource. https://search-pj-campaigns-index-oyaq7ruf3du2owxiiiuhyqcgcm.eu-west-1.es.amazonaws.com/campaign-gb-*-deals/_search
JavaScript error: https://pricespy.co.uk/a/d3983d7a77c682eb4eeb/22.js, line 1: Error: FetchError: NetworkError when attempting to fetch resource. https://search-pj-campaigns-index-oyaq7ruf3du2owxiiiuhyqcgcm.eu-west-1.es.amazonaws.com/campaign-gb-*-deals/_search
JavaScript error: https://pricespy.co.uk/a/d3983d7a77c682eb4eeb/22.js, line 1: Error: FetchError: NetworkError when attempting to fetch resource. https://search-pj-campaigns-index-oyaq7ruf3du2owxiiiuhyqcgcm.eu-west-1.es.amazonaws.com/campaign-gb-*-deals/_search
JavaScript error: https://pricespy.co.uk/a/d3983d7a77c682eb4eeb/22.js, line 1: Error: FetchError: NetworkError when attempting to fetch resource. https://search-pj-campaigns-index-oyaq7ruf3du2owxiiiuhyqcgcm.eu-west-1.es.amazonaws.com/campaign-gb-*-deals/_search
1612520686603	geckodriver	INFO	Listening on 127.0.0.1:10996
1612520687581	mozrunner::runner	INFO	Running command: "C:\\Program Files\\Mozilla Firefox\\firefox.exe" "--marionette" "-foreground" "-no-remote" "-profile" "C:\\Users\\CHARBE~1\\AppData\\Local\\Temp\\rust_mozprofileuKCLml"
JavaScript error: resource://gre/modules/XULStore.jsm, line 66: Error: Can't find profile directory.
1612520693926	Marionette	INFO	Stopped listening on port 10576

###!!! [Child][RunMessage] Error: Channel closing: too late to send/recv, messages will be lost

console.warn: SearchSettings: "get: No settings file exists, new profile?" (new Error("", "(unknown module)"))
1612520697242	Marionette	INFO	Stopped listening on port 9121
1612520699955	Marionette	INFO	Listening on port 11002
1612520700157	Marionette	WARN	TLS certificate errors will be ignored for this session
1612520700239	Marionette	ERROR	[18] No reply from Marionette:Register
console.warn: SearchSettings: "get: No settings file exists, new profile?" (new Error("", "(unknown module)"))
JavaScript warning: https://cdna.pcpartpicker.com/static/forever/hash/site-18cffbee3278910be6bea2b478d5df09.js, line 142: Using //@ to indicate sourceMappingURL pragmas is deprecated. Use //# instead
JavaScript warning: https://cdna.pcpartpicker.com/static/forever/hash/site-18cffbee3278910be6bea2b478d5df09.js, line 5109: unreachable code after return statement
JavaScript warning: https://cdna.pcpartpicker.com/static/forever/hash/site-18cffbee3278910be6bea2b478d5df09.js, line 5109: unreachable code after return statement
1612520821779	geckodriver	INFO	Listening on 127.0.0.1:11101
1612520822816	mozrunner::runner	INFO	Running command: "C:\\Program Files\\Mozilla Firefox\\firefox.exe" "--marionette" "-foreground" "-no-remote" "-profile" "C:\\Users\\CHARBE~1\\AppData\\Local\\Temp\\rust_mozprofilecyEURR"
JavaScript error: resource://gre/modules/XULStore.jsm, line 66: Error: Can't find profile directory.
console.warn: SearchSettings: "get: No settings file exists, new profile?" (new Error("", "(unknown module)"))
1612520830711	Marionette	INFO	Listening on port 11107
1612520830874	Marionette	WARN	TLS certificate errors will be ignored for this session
1612520830925	Marionette	ERROR	[18] No reply from Marionette:Register
console.warn: SearchSettings: "get: No settings file exists, new profile?" (new Error("", "(unknown module)"))
1612520848754	Marionette	INFO	Stopped listening on port 11107

###!!! [Child][RunMessage] Error: Channel closing: too late to send/recv, messages will be lost

1612520897069	Marionette	INFO	Stopped listening on port 11002

###!!! [Child][RunMessage] Error: Channel closing: too late to send/recv, messages will be lost

1612520901745	geckodriver	INFO	Listening on 127.0.0.1:11182
1612520902784	mozrunner::runner	INFO	Running command: "C:\\Program Files\\Mozilla Firefox\\firefox.exe" "--marionette" "-foreground" "-no-remote" "-profile" "C:\\Users\\CHARBE~1\\AppData\\Local\\Temp\\rust_mozprofilejdDZ4m"
JavaScript error: resource://gre/modules/XULStore.jsm, line 66: Error: Can't find profile directory.
console.warn: SearchSettings: "get: No settings file exists, new profile?" (new Error("", "(unknown module)"))
1612520909722	Marionette	INFO	Listening on port 11188
1612520909780	Marionette	WARN	TLS certificate errors will be ignored for this session
1612520909808	Marionette	ERROR	[18] No reply from Marionette:Register
console.warn: SearchSettings: "get: No settings file exists, new profile?" (new Error("", "(unknown module)"))
JavaScript error: https://pricespy.co.uk/a/d3983d7a77c682eb4eeb/22.js, line 1: Error: FetchError: NetworkError when attempting to fetch resource. https://search-pj-campaigns-index-oyaq7ruf3du2owxiiiuhyqcgcm.eu-west-1.es.amazonaws.com/campaign-gb-*-deals/_search
JavaScript error: https://pricespy.co.uk/a/d3983d7a77c682eb4eeb/22.js, line 1: Error: FetchError: NetworkError when attempting to fetch resource. https://search-pj-campaigns-index-oyaq7ruf3du2owxiiiuhyqcgcm.eu-west-1.es.amazonaws.com/campaign-gb-*-deals/_search
JavaScript error: https://pricespy.co.uk/a/d3983d7a77c682eb4eeb/22.js, line 1: Error: FetchError: NetworkError when attempting to fetch resource. https://search-pj-campaigns-index-oyaq7ruf3du2owxiiiuhyqcgcm.eu-west-1.es.amazonaws.com/campaign-gb-*-deals/_search
JavaScript error: , line 0: AbortError: The operation was aborted. 
JavaScript error: https://pricespy.co.uk/a/d3983d7a77c682eb4eeb/22.js, line 1: Error: FetchError: NetworkError when attempting to fetch resource. https://search-pj-campaigns-index-oyaq7ruf3du2owxiiiuhyqcgcm.eu-west-1.es.amazonaws.com/campaign-gb-*-deals/_search
JavaScript error: https://pricespy.co.uk/a/d3983d7a77c682eb4eeb/22.js, line 1: Error: FetchError: NetworkError when attempting to fetch resource. https://search-pj-campaigns-index-oyaq7ruf3du2owxiiiuhyqcgcm.eu-west-1.es.amazonaws.com/campaign-gb-*-deals/_search
JavaScript error: https://pricespy.co.uk/a/d3983d7a77c682eb4eeb/22.js, line 1: Error: FetchError: NetworkError when attempting to fetch resource. https://search-pj-campaigns-index-oyaq7ruf3du2owxiiiuhyqcgcm.eu-west-1.es.amazonaws.com/campaign-gb-*-deals/_search
JavaScript error: https://pricespy.co.uk/a/d3983d7a77c682eb4eeb/22.js, line 1: Error: FetchError: NetworkError when attempting to fetch resource. https://search-pj-campaigns-index-oyaq7ruf3du2owxiiiuhyqcgcm.eu-west-1.es.amazonaws.com/campaign-gb-*-deals/_search
JavaScript error: https://pricespy.co.uk/a/d3983d7a77c682eb4eeb/22.js, line 1: Error: FetchError: NetworkError when attempting to fetch resource. https://search-pj-campaigns-index-oyaq7ruf3du2owxiiiuhyqcgcm.eu-west-1.es.amazonaws.com/campaign-gb-*-deals/_search
JavaScript error: https://pricespy.co.uk/a/d3983d7a77c682eb4eeb/22.js, line 1: Error: FetchError: NetworkError when attempting to fetch resource. https://search-pj-campaigns-index-oyaq7ruf3du2owxiiiuhyqcgcm.eu-west-1.es.amazonaws.com/campaign-gb-*-deals/_search
JavaScript error: https://pricespy.co.uk/a/d3983d7a77c682eb4eeb/22.js, line 1: Error: FetchError: NetworkError when attempting to fetch resource. https://search-pj-campaigns-index-oyaq7ruf3du2owxiiiuhyqcgcm.eu-west-1.es.amazonaws.com/campaign-gb-*-deals/_search
JavaScript error: https://pricespy.co.uk/a/d3983d7a77c682eb4eeb/22.js, line 1: Error: FetchError: NetworkError when attempting to fetch resource. https://search-pj-campaigns-index-oyaq7ruf3du2owxiiiuhyqcgcm.eu-west-1.es.amazonaws.com/campaign-gb-*-deals/_search
1612521294043	geckodriver	INFO	Listening on 127.0.0.1:11615
1612521295162	mozrunner::runner	INFO	Running command: "C:\\Program Files\\Mozilla Firefox\\firefox.exe" "--marionette" "-foreground" "-no-remote" "-profile" "C:\\Users\\CHARBE~1\\AppData\\Local\\Temp\\rust_mozprofilesj646K"
JavaScript error: resource://gre/modules/XULStore.jsm, line 66: Error: Can't find profile directory.
console.warn: SearchSettings: "get: No settings file exists, new profile?" (new Error("", "(unknown module)"))
1612521308956	Marionette	INFO	Listening on port 11625
1612521309170	Marionette	WARN	TLS certificate errors will be ignored for this session
1612521309223	Marionette	ERROR	[18] No reply from Marionette:Register
console.warn: SearchSettings: "get: No settings file exists, new profile?" (new Error("", "(unknown module)"))
JavaScript error: https://pricespy.co.uk/a/d3983d7a77c682eb4eeb/22.js, line 1: Error: FetchError: NetworkError when attempting to fetch resource. https://search-pj-campaigns-index-oyaq7ruf3du2owxiiiuhyqcgcm.eu-west-1.es.amazonaws.com/campaign-gb-*-deals/_search
JavaScript error: https://pricespy.co.uk/a/d3983d7a77c682eb4eeb/22.js, line 1: Error: FetchError: NetworkError when attempting to fetch resource. https://search-pj-campaigns-index-oyaq7ruf3du2owxiiiuhyqcgcm.eu-west-1.es.amazonaws.com/campaign-gb-*-deals/_search
JavaScript error: https://pricespy.co.uk/a/d3983d7a77c682eb4eeb/22.js, line 1: Error: FetchError: NetworkError when attempting to fetch resource. https://search-pj-campaigns-index-oyaq7ruf3du2owxiiiuhyqcgcm.eu-west-1.es.amazonaws.com/campaign-gb-*-deals/_search
JavaScript error: https://www.googletagservices.com/activeview/js/current/rx_lidar.js?cache=r20110914, line 124: NS_ERROR_NOT_INITIALIZED: 
JavaScript error: https://pricespy.co.uk/a/d3983d7a77c682eb4eeb/22.js, line 1: Error: FetchError: NetworkError when attempting to fetch resource. https://search-pj-campaigns-index-oyaq7ruf3du2owxiiiuhyqcgcm.eu-west-1.es.amazonaws.com/campaign-gb-*-deals/_search
1612521558738	Marionette	WARN	Ignoring event 'DOMContentLoaded' because document has an invalid readyState of 'complete'.
JavaScript error: https://pricespy.co.uk/a/d3983d7a77c682eb4eeb/22.js, line 1: Error: FetchError: NetworkError when attempting to fetch resource. https://search-pj-campaigns-index-oyaq7ruf3du2owxiiiuhyqcgcm.eu-west-1.es.amazonaws.com/campaign-gb-*-deals/_search
JavaScript error: https://pricespy.co.uk/a/d3983d7a77c682eb4eeb/22.js, line 1: Error: FetchError: NetworkError when attempting to fetch resource. https://search-pj-campaigns-index-oyaq7ruf3du2owxiiiuhyqcgcm.eu-west-1.es.amazonaws.com/campaign-gb-*-deals/_search
JavaScript error: https://pricespy.co.uk/a/d3983d7a77c682eb4eeb/22.js, line 1: Error: FetchError: NetworkError when attempting to fetch resource. https://search-pj-campaigns-index-oyaq7ruf3du2owxiiiuhyqcgcm.eu-west-1.es.amazonaws.com/campaign-gb-*-deals/_search
JavaScript error: https://pricespy.co.uk/a/d3983d7a77c682eb4eeb/22.js, line 1: Error: FetchError: NetworkError when attempting to fetch resource. https://search-pj-campaigns-index-oyaq7ruf3du2owxiiiuhyqcgcm.eu-west-1.es.amazonaws.com/campaign-gb-*-deals/_search
JavaScript error: https://pricespy.co.uk/a/d3983d7a77c682eb4eeb/22.js, line 1: Error: FetchError: NetworkError when attempting to fetch resource. https://search-pj-campaigns-index-oyaq7ruf3du2owxiiiuhyqcgcm.eu-west-1.es.amazonaws.com/campaign-gb-*-deals/_search
JavaScript error: https://pricespy.co.uk/a/d3983d7a77c682eb4eeb/22.js, line 1: Error: FetchError: NetworkError when attempting to fetch resource. https://search-pj-campaigns-index-oyaq7ruf3du2owxiiiuhyqcgcm.eu-west-1.es.amazonaws.com/campaign-gb-*-deals/_search
JavaScript error: https://pricespy.co.uk/a/d3983d7a77c682eb4eeb/22.js, line 1: Error: FetchError: NetworkError when attempting to fetch resource. https://search-pj-campaigns-index-oyaq7ruf3du2owxiiiuhyqcgcm.eu-west-1.es.amazonaws.com/campaign-gb-*-deals/_search
1612521770243	Marionette	WARN	Ignoring event 'DOMContentLoaded' because document has an invalid readyState of 'complete'.
1612521770245	Marionette	WARN	Ignoring event 'DOMContentLoaded' because document has an invalid readyState of 'complete'.
JavaScript error: https://pricespy.co.uk/a/d3983d7a77c682eb4eeb/22.js, line 1: Error: FetchError: NetworkError when attempting to fetch resource. https://search-pj-campaigns-index-oyaq7ruf3du2owxiiiuhyqcgcm.eu-west-1.es.amazonaws.com/campaign-gb-*-deals/_search
JavaScript error: https://pricespy.co.uk/a/d3983d7a77c682eb4eeb/22.js, line 1: Error: FetchError: NetworkError when attempting to fetch resource. https://search-pj-campaigns-index-oyaq7ruf3du2owxiiiuhyqcgcm.eu-west-1.es.amazonaws.com/campaign-gb-*-deals/_search
JavaScript error: https://pricespy.co.uk/a/d3983d7a77c682eb4eeb/22.js, line 1: Error: FetchError: NetworkError when attempting to fetch resource. https://search-pj-campaigns-index-oyaq7ruf3du2owxiiiuhyqcgcm.eu-west-1.es.amazonaws.com/campaign-gb-*-deals/_search
JavaScript error: https://pricespy.co.uk/a/d3983d7a77c682eb4eeb/22.js, line 1: Error: FetchError: NetworkError when attempting to fetch resource. https://search-pj-campaigns-index-oyaq7ruf3du2owxiiiuhyqcgcm.eu-west-1.es.amazonaws.com/campaign-gb-*-deals/_search
JavaScript error: resource://activity-stream/lib/ASRouter.jsm, line 987: NS_ERROR_ILLEGAL_VALUE: Component returned failure code: 0x80070057 (NS_ERROR_ILLEGAL_VALUE) [nsIObserverService.removeObserver]
1612523577646	Marionette	INFO	Stopped listening on port 11188

###!!! [Child][RunMessage] Error: Channel closing: too late to send/recv, messages will be lost


###!!! [Parent][RunMessage] Error: Channel closing: too late to send/recv, messages will be lost

1612523578201	Marionette	INFO	Stopped listening on port 11625

###!!! [Child][RunMessage] Error: Channel closing: too late to send/recv, messages will be lost

1612654543446	geckodriver	INFO	Listening on 127.0.0.1:8025
1612654544349	mozrunner::runner	INFO	Running command: "C:\\Program Files\\Mozilla Firefox\\firefox.exe" "--marionette" "-foreground" "-no-remote" "-profile" "C:\\Users\\CHARBE~1\\AppData\\Local\\Temp\\rust_mozprofileZRdSRP"
JavaScript error: resource://gre/modules/XULStore.jsm, line 66: Error: Can't find profile directory.
console.warn: SearchSettings: "get: No settings file exists, new profile?" (new Error("", "(unknown module)"))
[Parent 13256, IPC I/O Parent] WARNING: file /builds/worker/checkouts/gecko/ipc/chromium/src/base/process_util_win.cc:167
console.error: Region.jsm: "Error fetching region" (new Error("TIMEOUT", "resource://gre/modules/Region.jsm", 775))
console.error: Region.jsm: "Failed to fetch region" (new Error("TIMEOUT", "resource://gre/modules/Region.jsm", 422))
[Parent 13256, IPC I/O Parent] WARNING: file /builds/worker/checkouts/gecko/ipc/chromium/src/base/process_util_win.cc:167
[Parent 13256, IPC I/O Parent] WARNING: file /builds/worker/checkouts/gecko/ipc/chromium/src/base/process_util_win.cc:167
1612654591486	Marionette	INFO	Listening on port 8031
1612654592072	Marionette	WARN	TLS certificate errors will be ignored for this session
1612654592424	Marionette	ERROR	[18] No reply from Marionette:Register
JavaScript warning: https://cdna.pcpartpicker.com/static/forever/hash/site-18cffbee3278910be6bea2b478d5df09.js, line 142: Using //@ to indicate sourceMappingURL pragmas is deprecated. Use //# instead
JavaScript warning: https://cdna.pcpartpicker.com/static/forever/hash/site-18cffbee3278910be6bea2b478d5df09.js, line 5109: unreachable code after return statement
JavaScript warning: https://www.zauba.com/sites/default/files/advagg_js/js__OFsSsQzSaj6v-Oy0a_SsA80EpScOeUbJnZ4cKkiFU9o__RsKQwOA-5DxAjnV-TmZ9Q1C994-NpPBOwXajkxDmfSA__UvR2r6gduq-kTzGPt5dE4cxyrES5Jo0dy8cZ_STZNlA.js, line 2: Using //@ to indicate sourceMappingURL pragmas is deprecated. Use //# instead
JavaScript error: https://www.zauba.com/sites/default/files/advagg_js/js___IBOfq3sr4R25I8QLjoPefEhKxKaXMwQlGzLAZkeAmk__5pWByCSRwqbOBJaMPsumH-tFSQOAyWkJ9hD4ugidjsY__UvR2r6gduq-kTzGPt5dE4cxyrES5Jo0dy8cZ_STZNlA.js, line 1: TypeError: $(...).find(...).once is not a function
JavaScript error: https://ajax.googleapis.com/ajax/libs/jquery/3.2.1/jquery.min.js, line 2: Error: Syntax error, unrecognized expression: #
JavaScript warning: https://www.zauba.com/sites/default/files/advagg_js/js__OFsSsQzSaj6v-Oy0a_SsA80EpScOeUbJnZ4cKkiFU9o__RsKQwOA-5DxAjnV-TmZ9Q1C994-NpPBOwXajkxDmfSA__UvR2r6gduq-kTzGPt5dE4cxyrES5Jo0dy8cZ_STZNlA.js, line 2: Using //@ to indicate sourceMappingURL pragmas is deprecated. Use //# instead
JavaScript warning: https://www.zauba.com/sites/default/files/advagg_js/js__OFsSsQzSaj6v-Oy0a_SsA80EpScOeUbJnZ4cKkiFU9o__RsKQwOA-5DxAjnV-TmZ9Q1C994-NpPBOwXajkxDmfSA__UvR2r6gduq-kTzGPt5dE4cxyrES5Jo0dy8cZ_STZNlA.js, line 2: Using //@ to indicate sourceMappingURL pragmas is deprecated. Use //# instead
JavaScript error: https://www.zauba.com/sites/default/files/advagg_js/js___IBOfq3sr4R25I8QLjoPefEhKxKaXMwQlGzLAZkeAmk__5pWByCSRwqbOBJaMPsumH-tFSQOAyWkJ9hD4ugidjsY__UvR2r6gduq-kTzGPt5dE4cxyrES5Jo0dy8cZ_STZNlA.js, line 1: TypeError: $(...).find(...).once is not a function
JavaScript warning: https://www.googletagservices.com/activeview/js/current/rx_lidar.js?cache=r20110914, line 82: Script terminated by timeout at:
zc@https://www.googletagservices.com/activeview/js/current/rx_lidar.js?cache=r20110914:82:1449
M@https://www.googletagservices.com/activeview/js/current/rx_lidar.js?cache=r20110914:82:1410
vi/a.global.osdlfm@https://www.googletagservices.com/activeview/js/current/rx_lidar.js?cache=r20110914:168:1433
@https://googleads.g.doubleclick.net/pagead/ads?guci=2.2.0.0.2.2.0.0&client=ca-pub-3139678088996753&output=html&h=600&slotname=3448273824&adk=878500455&adf=2425711956&pi=t.ma~as.3448273824&w=120&lmt=1612654813&psa=1&format=120x600&url=https%3A%2F%2Fwww.zauba.com%2Fimport-SYSTEM%2BMOTHERBOARD%2Fhs-code-8471-hs-code.html&flash=0&wgl=1&adsid=NT&dt=1612654812995&bpp=3&bdt=408&idt=187&shv=r20210202&cbv=r20190131&ptt=9&saldr=aa&abxe=1&cookie=ID%3D77fc914ce14ea1f7-224317cd62ba00fd%3AT%3D1612654762%3ART%3D1612654762%3AS%3DALNI_MZRSbIBUeeV3b2ahBrLm-9AOglqPQ&prev_fmts=0x0%2C1200x90_0ads_al&nras=1&correlator=318348268579&frm=20&pv=1&ga_vid=1870191602.1612654760&ga_sid=1612654813&ga_hid=1883443762&ga_fc=0&ga_wpids=UA-39733001-1&u_tz=180&u_his=4&u_java=0&u_h=768&u_w=1366&u_ah=768&u_aw=1366&u_cd=24&u_nplug=0&u_nmime=0&adx=13&ady=881&biw=1349&bih=693&scr_x=0&scr_y=0&eid=42530671%2C21068769%2C21068893&oid=3&pvsid=2601036542767683&pem=161&ref=https%3A%2F%2Fwww.google.com%2F&rx=0&eae=0&fc=1920&brdim=-8%2C-8%2C-8%2C-8%2C1366%2C0%2C1382%2C784%2C1366%2C693&vis=1&rsz=o%7Co%7CeEbr%7C&abl=NS&pfx=0&fu=9216&bc=31&ifi=2&uci=a!2&btvi=1&fsb=1&xpc=qZFT2m90Ut&p=https%3A//www.zauba.com&dtd=366:1:7

JavaScript warning: https://www.zauba.com/sites/default/files/advagg_js/js__OFsSsQzSaj6v-Oy0a_SsA80EpScOeUbJnZ4cKkiFU9o__RsKQwOA-5DxAjnV-TmZ9Q1C994-NpPBOwXajkxDmfSA__UvR2r6gduq-kTzGPt5dE4cxyrES5Jo0dy8cZ_STZNlA.js, line 2: Using //@ to indicate sourceMappingURL pragmas is deprecated. Use //# instead
JavaScript error: https://www.zauba.com/sites/default/files/advagg_js/js___IBOfq3sr4R25I8QLjoPefEhKxKaXMwQlGzLAZkeAmk__5pWByCSRwqbOBJaMPsumH-tFSQOAyWkJ9hD4ugidjsY__UvR2r6gduq-kTzGPt5dE4cxyrES5Jo0dy8cZ_STZNlA.js, line 1: TypeError: $(...).find(...).once is not a function
JavaScript warning: https://nycdatascience.com/blog/wp-content/themes/nycdsa/js/main-v2.js?ver=543, line 543: unreachable code after return statement
JavaScript warning: https://nycdatascience.com/blog/wp-content/themes/nycdsa/js/main-v2.js?ver=543, line 543: unreachable code after return statement
JavaScript error: https://nycdatascience.com/blog/wp-content/plugins/wp-lightbox-2/js/dist/wp-lightbox-2.min.js?ver=1.3.4.1, line 1: TypeError: document.getElementById(...) is null
JavaScript warning: https://nycdatascience.com/blog/wp-content/themes/nycdsa/js/main-v2.js?ver=543, line 543: unreachable code after return statement
JavaScript warning: https://nycdatascience.com/blog/wp-content/themes/nycdsa/js/main-v2.js?ver=543, line 543: unreachable code after return statement
console.error: Region.jsm: "Error fetching region" (new Error("TIMEOUT", "resource://gre/modules/Region.jsm", 775))
console.error: Region.jsm: "Failed to fetch region" (new Error("TIMEOUT", "resource://gre/modules/Region.jsm", 422))
console.error: Region.jsm: "Error fetching region" (new Error("TIMEOUT", "resource://gre/modules/Region.jsm", 775))
console.error: Region.jsm: "Failed to fetch region" (new Error("TIMEOUT", "resource://gre/modules/Region.jsm", 422))
1612658676288	geckodriver	INFO	Listening on 127.0.0.1:9309
1612658677385	mozrunner::runner	INFO	Running command: "C:\\Program Files\\Mozilla Firefox\\firefox.exe" "--marionette" "-foreground" "-no-remote" "-profile" "C:\\Users\\CHARBE~1\\AppData\\Local\\Temp\\rust_mozprofileUNk3Pj"
JavaScript error: resource://gre/modules/XULStore.jsm, line 66: Error: Can't find profile directory.
console.warn: SearchSettings: "get: No settings file exists, new profile?" (new Error("", "(unknown module)"))
1612658687109	Marionette	INFO	Listening on port 9315
1612658687579	Marionette	WARN	TLS certificate errors will be ignored for this session
1612658687606	Marionette	ERROR	[18] No reply from Marionette:Register
console.warn: SearchSettings: "get: No settings file exists, new profile?" (new Error("", "(unknown module)"))
1612658889065	geckodriver	INFO	Listening on 127.0.0.1:9429
1612658890085	mozrunner::runner	INFO	Running command: "C:\\Program Files\\Mozilla Firefox\\firefox.exe" "--marionette" "-foreground" "-no-remote" "-profile" "C:\\Users\\CHARBE~1\\AppData\\Local\\Temp\\rust_mozprofile7hsU12"
JavaScript error: resource://gre/modules/XULStore.jsm, line 66: Error: Can't find profile directory.
console.warn: SearchSettings: "get: No settings file exists, new profile?" (new Error("", "(unknown module)"))
1612658898020	Marionette	INFO	Listening on port 9435
1612658898118	Marionette	WARN	TLS certificate errors will be ignored for this session
1612658898145	Marionette	ERROR	[18] No reply from Marionette:Register
console.warn: SearchSettings: "get: No settings file exists, new profile?" (new Error("", "(unknown module)"))
1612658921167	Marionette	INFO	Stopped listening on port 9435

###!!! [Child][RunMessage] Error: Channel closing: too late to send/recv, messages will be lost

1612659000132	geckodriver	INFO	Listening on 127.0.0.1:9527
1612659001131	mozrunner::runner	INFO	Running command: "C:\\Program Files\\Mozilla Firefox\\firefox.exe" "--marionette" "-foreground" "-no-remote" "-profile" "C:\\Users\\CHARBE~1\\AppData\\Local\\Temp\\rust_mozprofilex4Z1iG"
JavaScript error: resource://gre/modules/XULStore.jsm, line 66: Error: Can't find profile directory.
console.warn: SearchSettings: "get: No settings file exists, new profile?" (new Error("", "(unknown module)"))
1612659008178	Marionette	INFO	Listening on port 9533
1612659008632	Marionette	WARN	TLS certificate errors will be ignored for this session
1612659008660	Marionette	ERROR	[18] No reply from Marionette:Register
console.warn: SearchSettings: "get: No settings file exists, new profile?" (new Error("", "(unknown module)"))
1612659022752	Marionette	INFO	Stopped listening on port 9533

###!!! [Child][RunMessage] Error: Channel closing: too late to send/recv, messages will be lost

1612659028280	Marionette	INFO	Stopped listening on port 9315

###!!! [Child][RunMessage] Error: Channel closing: too late to send/recv, messages will be lost

JavaScript error: https://assets.gitlab-static.net/assets/snowplow/sp-8f295715475b6b307338c8f64cb0b3a6715c691fa0cc667c9c332c17bb4474d9.js, line 1: TypeError: e.getElementsByTagName(...).filter is not a function
JavaScript error: https://about.gitlab.com/javascripts/home.js, line 1: TypeError: a is null
JavaScript error: https://about.gitlab.com/javascripts/home.js, line 1: TypeError: a is null
console.warn: LoginRecipes: "getRecipes: falling back to a synchronous message for:" "https://about.gitlab.com"
console.warn: LoginRecipes: "getRecipes: falling back to a synchronous message for:" "https://about.gitlab.com"
JavaScript error: https://about.gitlab.com/javascripts/home.js, line 1: TypeError: a is null
JavaScript error: https://s.swiftypecdn.com/install/v2/st.js, line 72: TypeError: this._searchContext is undefined
JavaScript warning: https://js.driftt.com/deploy/assets/assets/vendors-widget-6ac8ab748a0b008d8e72.js, line 37: Script terminated by timeout at:
r<@https://js.driftt.com/deploy/assets/assets/vendors-widget-6ac8ab748a0b008d8e72.js:37:51675
c<@https://js.driftt.com/deploy/assets/assets/vendors-widget-6ac8ab748a0b008d8e72.js:37:51977
@https://js.driftt.com/deploy/assets/assets/vendors-widget-6ac8ab748a0b008d8e72.js:37:52511
c@https://js.driftt.com/deploy/assets/assets/widget-9dbd3bdaf99090d3be1e.js:1:534
@https://js.driftt.com/deploy/assets/assets/vendors-widget-6ac8ab748a0b008d8e72.js:12:50363
c@https://js.driftt.com/deploy/assets/assets/widget-9dbd3bdaf99090d3be1e.js:1:534
@https://js.driftt.com/deploy/assets/assets/vendors-widget-6ac8ab748a0b008d8e72.js:37:229138
c@https://js.driftt.com/deploy/assets/assets/widget-9dbd3bdaf99090d3be1e.js:1:534
@https://js.driftt.com/deploy/assets/assets/vendors-widget-6ac8ab748a0b008d8e72.js:37:229245
c@https://js.driftt.com/deploy/assets/assets/widget-9dbd3bdaf99090d3be1e.js:1:534
@https://js.driftt.com/deploy/assets/assets/vendors-widget-6ac8ab748a0b008d8e72.js:12:94637
c@https://js.driftt.com/deploy/assets/assets/widget-9dbd3bdaf99090d3be1e.js:1:534
758@https://js.driftt.com/deploy/assets/assets/widget-9dbd3bdaf99090d3be1e.js:1:210354
c@https://js.driftt.com/deploy/assets/assets/widget-9dbd3bdaf99090d3be1e.js:1:534
780/<@https://js.driftt.com/deploy/assets/assets/widget-9dbd3bdaf99090d3be1e.js:1:300334
780@https://js.driftt.com/deploy/assets/assets/widget-9dbd3bdaf99090d3be1e.js:1:301793
c@https://js.driftt.com/deploy/assets/assets/widget-9dbd3bdaf99090d3be1e.js:1:534
1287/<@https://js.driftt.com/deploy/assets/assets/widget-9dbd3bdaf99090d3be1e.js:1:33896
1287@https://js.driftt.com/deploy/assets/assets/widget-9dbd3bdaf99090d3be1e.js:1:36390
c@https://js.driftt.com/deploy/assets/assets/widget-9dbd3bdaf99090d3be1e.js:1:534
1444@https://js.driftt.com/deploy/assets/assets/widget-9dbd3bdaf99090d3be1e.js:1:42097
c@https://js.driftt.com/deploy/assets/assets/widget-9dbd3bdaf99090d3be1e.js:1:534
n@https://js.driftt.com/deploy/assets/assets/widget-9dbd3bdaf99090d3be1e.js:1:387
@https://js.driftt.com/deploy/assets/assets/widget-9dbd3bdaf99090d3be1e.js:1:14545
@https://js.driftt.com/deploy/assets/assets/widget-9dbd3bdaf99090d3be1e.js:1:14549

JavaScript warning: https://www.stats.govt.nz/_Incapsula_Resource?SWJIYLWA=719d34d31c8e3a6e6fffd425f7e032f3&ns=1&cb=2048032881, line 1: unreachable code after return statement
JavaScript warning: https://www.stats.govt.nz/_Incapsula_Resource?SWJIYLWA=719d34d31c8e3a6e6fffd425f7e032f3&ns=1&cb=2048032881, line 1: unreachable code after return statement
JavaScript warning: https://www.stats.govt.nz/_Incapsula_Resource?SWJIYLWA=719d34d31c8e3a6e6fffd425f7e032f3&ns=1&cb=2048032881, line 1: unreachable code after return statement
JavaScript warning: https://www.stats.govt.nz/_Incapsula_Resource?SWJIYLWA=719d34d31c8e3a6e6fffd425f7e032f3&ns=1&cb=2048032881 line 1 > eval, line 1: unreachable code after return statement
JavaScript warning: https://www.stats.govt.nz/_Incapsula_Resource?SWJIYLWA=719d34d31c8e3a6e6fffd425f7e032f3&ns=1&cb=2048032881 line 1 > eval, line 1: unreachable code after return statement
1612661098524	geckodriver	INFO	Listening on 127.0.0.1:10241
1612661099499	mozrunner::runner	INFO	Running command: "C:\\Program Files\\Mozilla Firefox\\firefox.exe" "--marionette" "-foreground" "-no-remote" "-profile" "C:\\Users\\CHARBE~1\\AppData\\Local\\Temp\\rust_mozprofileQyaNYe"
JavaScript error: resource://gre/modules/XULStore.jsm, line 66: Error: Can't find profile directory.
console.warn: SearchSettings: "get: No settings file exists, new profile?" (new Error("", "(unknown module)"))
1612661109659	Marionette	INFO	Listening on port 10248
1612661110048	Marionette	WARN	TLS certificate errors will be ignored for this session
1612661110126	Marionette	ERROR	[18] No reply from Marionette:Register
console.error: Region.jsm: "Error fetching region" (new Error("TIMEOUT", "resource://gre/modules/Region.jsm", 775))
console.error: Region.jsm: "Failed to fetch region" (new Error("TIMEOUT", "resource://gre/modules/Region.jsm", 422))
JavaScript error: https://motherboarddb.com/advanced-search/1, line 137: TypeError: $(...).fancybox is not a function
JavaScript error: https://cdn.datatables.net/1.10.15/js/dataTables.bootstrap4.min.js, line 5: TypeError: f is undefined
1612661136952	Marionette	INFO	Stopped listening on port 10248

###!!! [Child][RunMessage] Error: Channel closing: too late to send/recv, messages will be lost

1612661276173	geckodriver	INFO	Listening on 127.0.0.1:10382
1612661277188	mozrunner::runner	INFO	Running command: "C:\\Program Files\\Mozilla Firefox\\firefox.exe" "--marionette" "-foreground" "-no-remote" "-profile" "C:\\Users\\CHARBE~1\\AppData\\Local\\Temp\\rust_mozprofilekOm9mA"
JavaScript error: resource://gre/modules/XULStore.jsm, line 66: Error: Can't find profile directory.
console.warn: SearchSettings: "get: No settings file exists, new profile?" (new Error("", "(unknown module)"))
1612661285356	Marionette	INFO	Listening on port 10388
1612661285730	Marionette	WARN	TLS certificate errors will be ignored for this session
1612661285761	Marionette	ERROR	[18] No reply from Marionette:Register
console.warn: SearchSettings: "get: No settings file exists, new profile?" (new Error("", "(unknown module)"))
1612661307008	Marionette	INFO	Stopped listening on port 10388

###!!! [Child][RunMessage] Error: Channel closing: too late to send/recv, messages will be lost

1612661488346	geckodriver	INFO	Listening on 127.0.0.1:10114
1612661489376	mozrunner::runner	INFO	Running command: "C:\\Program Files\\Mozilla Firefox\\firefox.exe" "--marionette" "-foreground" "-no-remote" "-profile" "C:\\Users\\CHARBE~1\\AppData\\Local\\Temp\\rust_mozprofileucBM5p"
JavaScript error: resource://gre/modules/XULStore.jsm, line 66: Error: Can't find profile directory.
console.warn: SearchSettings: "get: No settings file exists, new profile?" (new Error("", "(unknown module)"))
1612661496497	Marionette	INFO	Listening on port 10120
1612661496887	Marionette	WARN	TLS certificate errors will be ignored for this session
1612661496912	Marionette	ERROR	[18] No reply from Marionette:Register
JavaScript error: https://motherboarddb.com/motherboards/#page=1, line 529: TypeError: $(...).fancybox is not a function
JavaScript error: https://cdn.datatables.net/1.10.15/js/dataTables.bootstrap4.min.js, line 5: TypeError: f is undefined
console.warn: SearchSettings: "get: No settings file exists, new profile?" (new Error("", "(unknown module)"))
1612661609679	geckodriver	INFO	Listening on 127.0.0.1:10225
1612661610660	mozrunner::runner	INFO	Running command: "C:\\Program Files\\Mozilla Firefox\\firefox.exe" "--marionette" "-foreground" "-no-remote" "-profile" "C:\\Users\\CHARBE~1\\AppData\\Local\\Temp\\rust_mozprofilelqles3"
JavaScript error: resource://gre/modules/XULStore.jsm, line 66: Error: Can't find profile directory.
console.warn: SearchSettings: "get: No settings file exists, new profile?" (new Error("", "(unknown module)"))
1612661618806	Marionette	INFO	Listening on port 10231
1612661619464	Marionette	WARN	TLS certificate errors will be ignored for this session
1612661619531	Marionette	ERROR	[18] No reply from Marionette:Register
console.warn: SearchSettings: "get: No settings file exists, new profile?" (new Error("", "(unknown module)"))
JavaScript error: https://motherboarddb.com/motherboards/#page=1, line 529: TypeError: $(...).fancybox is not a function
JavaScript error: https://cdn.datatables.net/1.10.15/js/dataTables.bootstrap4.min.js, line 5: TypeError: f is undefined
1612661640109	Marionette	INFO	Stopped listening on port 10120

###!!! [Child][RunMessage] Error: Channel closing: too late to send/recv, messages will be lost

1612661645054	Marionette	INFO	Stopped listening on port 10231

###!!! [Child][RunMessage] Error: Channel closing: too late to send/recv, messages will be lost

1612741471976	addons.xpi	ERROR	System addon update list error Error: Failed downloading XML, status: 0, reason: error
1612827873926	addons.xpi	ERROR	System addon update list error Error: Failed downloading XML, status: 0, reason: error
JavaScript error: , line 0: NS_ERROR_NOT_AVAILABLE

###!!! [Parent][MessageChannel] Error: (msgtype=0x3A0147,name=PContent::Msg_AsyncMessage) Channel error: cannot send/recv


###!!! [Parent][MessageChannel] Error: (msgtype=0x3A0147,name=PContent::Msg_AsyncMessage) Channel error: cannot send/recv


###!!! [Parent][MessageChannel] Error: (msgtype=0x3A0147,name=PContent::Msg_AsyncMessage) Channel error: cannot send/recv


###!!! [Parent][MessageChannel] Error: (msgtype=0x540014,name=PGPU::Msg_RemoveLayerTreeIdMapping) Channel error: cannot send/recv


###!!! [Parent][MessageChannel] Error: (msgtype=0x540014,name=PGPU::Msg_RemoveLayerTreeIdMapping) Channel error: cannot send/recv


###!!! [Parent][MessageChannel] Error: (msgtype=0x540014,name=PGPU::Msg_RemoveLayerTreeIdMapping) Channel error: cannot send/recv

A content process crashed and MOZ_CRASHREPORTER_SHUTDOWN is set, shutting down

###!!! [Child][MessageChannel] Error: (msgtype=0xB50008,name=PWebRenderBridge::Msg_SetFocusTarget) Channel error: cannot send/recv


###!!! [Child][MessageChannel] Error: (msgtype=0xB50010,name=PWebRenderBridge::Msg_ScheduleComposite) Channel error: cannot send/recv

JavaScript error: chrome://global/content/elements/browser-custom-element.js, line 1642: Error: permitUnload is already running for this tab.
